<?xml version="1.0" encoding="UTF-8"?>
<testng-results ignored="0" total="1" passed="1" failed="0" skipped="0">
  <reporter-output>
  </reporter-output>
  <suite started-at="2023-05-16T06:25:53Z" name="Default suite" finished-at="2023-05-16T06:26:02Z" duration-ms="8693">
    <groups>
      <group name="cucumber">
        <method signature="AbstractTestNGCucumberTests.feature(cucumber.api.testng.CucumberFeatureWrapper)[pri:0, instance:Runner.Runnerclass@119cbf96]" name="feature" class="cucumber.api.testng.AbstractTestNGCucumberTests"/>
      </group> <!-- cucumber -->
    </groups>
    <test started-at="2023-05-16T06:25:53Z" name="Default test" finished-at="2023-05-16T06:26:02Z" duration-ms="8693">
      <class name="Runner.Runnerclass">
        <test-method is-config="true" signature="setUpClass()[pri:0, instance:Runner.Runnerclass@119cbf96]" started-at="2023-05-16T11:55:53Z" name="setUpClass" finished-at="2023-05-16T11:55:54Z" duration-ms="466" status="PASS">
          <reporter-output>
          </reporter-output>
        </test-method> <!-- setUpClass -->
        <test-method signature="feature(cucumber.api.testng.CucumberFeatureWrapper)[pri:0, instance:Runner.Runnerclass@119cbf96]" started-at="2023-05-16T11:55:54Z" name="feature" description="Runs Cucumber Feature" data-provider="features" finished-at="2023-05-16T11:56:01Z" duration-ms="7316" status="PASS">
          <params>
            <param index="0">
              <value>
                <![CDATA[Login feature file]]>
              </value>
            </param>
          </params>
          <reporter-output>
          </reporter-output>
        </test-method> <!-- feature -->
        <test-method is-config="true" signature="setup()[pri:0, instance:Runner.Runnerclass@119cbf96]" started-at="2023-05-16T11:56:01Z" name="setup" finished-at="2023-05-16T11:56:01Z" duration-ms="141" status="PASS">
          <reporter-output>
          </reporter-output>
        </test-method> <!-- setup -->
        <test-method is-config="true" signature="tearDownClass()[pri:0, instance:Runner.Runnerclass@119cbf96]" started-at="2023-05-16T11:56:01Z" name="tearDownClass" finished-at="2023-05-16T11:56:02Z" duration-ms="554" status="PASS">
          <reporter-output>
          </reporter-output>
        </test-method> <!-- tearDownClass -->
      </class> <!-- Runner.Runnerclass -->
    </test> <!-- Default test -->
  </suite> <!-- Default suite -->
</testng-results>
